<?xml version="1.0" encoding="UTF-8"?>
<!-- Generated by org.testng.reporters.JUnitReportReporter -->
<testsuite hostname="DESKTOP-D0JLFQF" failures="0" tests="3" name="Modul2_PlanetSuperHeroesRegistration_Test.HerosRegistrationTest" time="29.182" errors="0" timestamp="2023-01-26T18:30:34 IST" skipped="0">
  <testcase classname="Modul2_PlanetSuperHeroesRegistration_Test.HerosRegistrationTest" name="test" time="22.256"/>
  <system-out/>
  <testcase classname="Modul2_PlanetSuperHeroesRegistration_Test.HerosRegistrationTest" name="RegistrationTitle" time="3.789"/>
  <system-out>
    <![CDATA[ReRegistration Title is present]]>
  </system-out>
  <testcase classname="Modul2_PlanetSuperHeroesRegistration_Test.HerosRegistrationTest" name="Registration" time="3.137"/>
  <system-out/>
</testsuite> <!-- Modul2_PlanetSuperHeroesRegistration_Test.HerosRegistrationTest -->
