<?xml version="1.0" encoding="UTF-8"?>
<!-- Generated by org.testng.reporters.JUnitReportReporter -->
<testsuite hostname="DESKTOP-D0JLFQF" failures="0" tests="3" name="Modul1_PlanetSuperHeroeslogin_Signup_Test.LoginPagTest" time="28.328" errors="0" timestamp="2023-01-26T18:26:42 IST" skipped="0">
  <testcase classname="Modul1_PlanetSuperHeroeslogin_Signup_Test.LoginPagTest" name="verifyLog" time="1.048"/>
  <system-out/>
  <testcase classname="Modul1_PlanetSuperHeroeslogin_Signup_Test.LoginPagTest" name="serachfeild" time="26.965"/>
  <system-out/>
  <testcase classname="Modul1_PlanetSuperHeroeslogin_Signup_Test.LoginPagTest" name="login_signUp" time="0.315"/>
  <system-out/>
</testsuite> <!-- Modul1_PlanetSuperHeroeslogin_Signup_Test.LoginPagTest -->
