<?xml version="1.0" encoding="UTF-8"?>
<!-- Generated by org.testng.reporters.JUnitReportReporter -->
<testsuite hostname="DESKTOP-D0JLFQF" failures="0" tests="3" name="Modul2_PlanetSuperHeroesRegistration_Test.HerosRegistrationTest" time="71.137" errors="0" timestamp="2023-02-05T08:31:59 IST" skipped="0">
  <testcase classname="Modul2_PlanetSuperHeroesRegistration_Test.HerosRegistrationTest" name="RegistrationTitle" time="16.718"/>
  <system-out>
    <![CDATA[ReRegistration Title is present]]>
  </system-out>
  <testcase classname="Modul2_PlanetSuperHeroesRegistration_Test.HerosRegistrationTest" name="Registration" time="3.426"/>
  <system-out/>
  <testcase classname="Modul2_PlanetSuperHeroesRegistration_Test.HerosRegistrationTest" name="test" time="50.993"/>
  <system-out/>
</testsuite> <!-- Modul2_PlanetSuperHeroesRegistration_Test.HerosRegistrationTest -->
