<?xml version="1.0" encoding="UTF-8"?>
<!-- Generated by org.testng.reporters.JUnitReportReporter -->
<testsuite hostname="DESKTOP-D0JLFQF" failures="0" tests="3" name="Modul1_PlanetSuperHeroeslogin_Signup_Test.HerosRegistrationTest" time="15.018" errors="0" timestamp="2023-01-24T07:46:39 IST" skipped="0">
  <testcase classname="Modul1_PlanetSuperHeroeslogin_Signup_Test.HerosRegistrationTest" name="test" time="12.246"/>
  <system-out/>
  <testcase classname="Modul1_PlanetSuperHeroeslogin_Signup_Test.HerosRegistrationTest" name="RegistrationTitle" time="1.093"/>
  <system-out>
    <![CDATA[ReRegistration Title is present]]>
  </system-out>
  <testcase classname="Modul1_PlanetSuperHeroeslogin_Signup_Test.HerosRegistrationTest" name="Registration" time="1.679"/>
  <system-out/>
</testsuite> <!-- Modul1_PlanetSuperHeroeslogin_Signup_Test.HerosRegistrationTest -->
